# JRE version: Java(TM) SE Runtime Environment (8.0_161-b12) (build 1.8.0_161-b12)
# Java VM: Java HotSpot(TM) 64-Bit Server VM (25.161-b12 mixed mode windows-amd64 compressed oops)
Heap:
 PSYoungGen      total 71680K, used 20435K [0x00000000d5f80000, 0x00000000e1f00000, 0x0000000100000000)
  eden space 66560K, 23% used [0x00000000d5f80000,0x00000000d6e79688,0x00000000da080000)
  from space 5120K, 99% used [0x00000000da080000,0x00000000da57b770,0x00000000da580000)
  to   space 33280K, 0% used [0x00000000dfe80000,0x00000000dfe80000,0x00000000e1f00000)
 ParOldGen       total 81408K, used 50163K [0x0000000081e00000, 0x0000000086d80000, 0x00000000d5f80000)
  object space 81408K, 61% used [0x0000000081e00000,0x0000000084efcfd8,0x0000000086d80000)
 Metaspace       used 12998K, capacity 13222K, committed 13568K, reserved 1060864K
  class space    used 1353K, capacity 1429K, committed 1536K, reserved 1048576K
GC Heap History (10 events):
Event: 7.081 GC heap before
{Heap before GC invocations=2 (full 0):
 PSYoungGen      total 38400K, used 38373K [0x00000000d5f80000, 0x00000000d8a00000, 0x0000000100000000)
  eden space 33280K, 100% used [0x00000000d5f80000,0x00000000d8000000,0x00000000d8000000)
  from space 5120K, 99% used [0x00000000d8000000,0x00000000d84f95e0,0x00000000d8500000)
  to   space 5120K, 0% used [0x00000000d8500000,0x00000000d8500000,0x00000000d8a00000)
 ParOldGen       total 87552K, used 13696K [0x0000000081e00000, 0x0000000087380000, 0x00000000d5f80000)
  object space 87552K, 15% used [0x0000000081e00000,0x0000000082b601d0,0x0000000087380000)
 Metaspace       used 6632K, capacity 6940K, committed 7168K, reserved 1056768K
  class space    used 687K, capacity 732K, committed 768K, reserved 1048576K
Event: 7.093 GC heap after
Heap after GC invocations=2 (full 0):
 PSYoungGen      total 38400K, used 5115K [0x00000000d5f80000, 0x00000000daa80000, 0x0000000100000000)
  eden space 33280K, 0% used [0x00000000d5f80000,0x00000000d5f80000,0x00000000d8000000)
  from space 5120K, 99% used [0x00000000d8500000,0x00000000d89fee60,0x00000000d8a00000)
  to   space 5120K, 0% used [0x00000000d8000000,0x00000000d8000000,0x00000000d8500000)
 ParOldGen       total 87552K, used 30274K [0x0000000081e00000, 0x0000000087380000, 0x00000000d5f80000)
  object space 87552K, 34% used [0x0000000081e00000,0x0000000083b90890,0x0000000087380000)
 Metaspace       used 6632K, capacity 6940K, committed 7168K, reserved 1056768K
  class space    used 687K, capacity 732K, committed 768K, reserved 1048576K
}
Event: 22.668 GC heap before
{Heap before GC invocations=3 (full 0):
 PSYoungGen      total 38400K, used 38395K [0x00000000d5f80000, 0x00000000daa80000, 0x0000000100000000)
  eden space 33280K, 100% used [0x00000000d5f80000,0x00000000d8000000,0x00000000d8000000)
  from space 5120K, 99% used [0x00000000d8500000,0x00000000d89fee60,0x00000000d8a00000)
  to   space 5120K, 0% used [0x00000000d8000000,0x00000000d8000000,0x00000000d8500000)
 ParOldGen       total 87552K, used 30274K [0x0000000081e00000, 0x0000000087380000, 0x00000000d5f80000)
  object space 87552K, 34% used [0x0000000081e00000,0x0000000083b90890,0x0000000087380000)
 Metaspace       used 6770K, capacity 7004K, committed 7168K, reserved 1056768K
  class space    used 698K, capacity 732K, committed 768K, reserved 1048576K
Event: 22.684 GC heap after
Heap after GC invocations=3 (full 0):
 PSYoungGen      total 38400K, used 5104K [0x00000000d5f80000, 0x00000000daa80000, 0x0000000100000000)
  eden space 33280K, 0% used [0x00000000d5f80000,0x00000000d5f80000,0x00000000d8000000)
  from space 5120K, 99% used [0x00000000d8000000,0x00000000d84fc020,0x00000000d8500000)
  to   space 5120K, 0% used [0x00000000da580000,0x00000000da580000,0x00000000daa80000)
 ParOldGen       total 87552K, used 47890K [0x0000000081e00000, 0x0000000087380000, 0x00000000d5f80000)
  object space 87552K, 54% used [0x0000000081e00000,0x0000000084cc48a0,0x0000000087380000)
 Metaspace       used 6770K, capacity 7004K, committed 7168K, reserved 1056768K
  class space    used 698K, capacity 732K, committed 768K, reserved 1048576K
}
Event: 22.754 GC heap before
{Heap before GC invocations=4 (full 0):
 PSYoungGen      total 38400K, used 38384K [0x00000000d5f80000, 0x00000000daa80000, 0x0000000100000000)
  eden space 33280K, 100% used [0x00000000d5f80000,0x00000000d8000000,0x00000000d8000000)
  from space 5120K, 99% used [0x00000000d8000000,0x00000000d84fc020,0x00000000d8500000)
  to   space 5120K, 0% used [0x00000000da580000,0x00000000da580000,0x00000000daa80000)
 ParOldGen       total 87552K, used 47890K [0x0000000081e00000, 0x0000000087380000, 0x00000000d5f80000)
  object space 87552K, 54% used [0x0000000081e00000,0x0000000084cc48a0,0x0000000087380000)
 Metaspace       used 6785K, capacity 7010K, committed 7168K, reserved 1056768K
  class space    used 698K, capacity 733K, committed 768K, reserved 1048576K
Event: 22.773 GC heap after
Heap after GC invocations=4 (full 0):
 PSYoungGen      total 71680K, used 5088K [0x00000000d5f80000, 0x00000000daa80000, 0x0000000100000000)
  eden space 66560K, 0% used [0x00000000d5f80000,0x00000000d5f80000,0x00000000da080000)
  from space 5120K, 99% used [0x00000000da580000,0x00000000daa78058,0x00000000daa80000)
  to   space 5120K, 0% used [0x00000000da080000,0x00000000da080000,0x00000000da580000)
 ParOldGen       total 87552K, used 68928K [0x0000000081e00000, 0x0000000087380000, 0x00000000d5f80000)
  object space 87552K, 78% used [0x0000000081e00000,0x0000000086150050,0x0000000087380000)
 Metaspace       used 6785K, capacity 7010K, committed 7168K, reserved 1056768K
  class space    used 698K, capacity 733K, committed 768K, reserved 1048576K
}
Event: 22.773 GC heap before
{Heap before GC invocations=5 (full 1):
 PSYoungGen      total 71680K, used 5088K [0x00000000d5f80000, 0x00000000daa80000, 0x0000000100000000)
  eden space 66560K, 0% used [0x00000000d5f80000,0x00000000d5f80000,0x00000000da080000)
  from space 5120K, 99% used [0x00000000da580000,0x00000000daa78058,0x00000000daa80000)
  to   space 5120K, 0% used [0x00000000da080000,0x00000000da080000,0x00000000da580000)
 ParOldGen       total 87552K, used 68928K [0x0000000081e00000, 0x0000000087380000, 0x00000000d5f80000)
  object space 87552K, 78% used [0x0000000081e00000,0x0000000086150050,0x0000000087380000)
 Metaspace       used 6785K, capacity 7010K, committed 7168K, reserved 1056768K
  class space    used 698K, capacity 733K, committed 768K, reserved 1048576K
Event: 22.856 GC heap after
Heap after GC invocations=5 (full 1):
 PSYoungGen      total 71680K, used 0K [0x00000000d5f80000, 0x00000000daa80000, 0x0000000100000000)
  eden space 66560K, 0% used [0x00000000d5f80000,0x00000000d5f80000,0x00000000da080000)
  from space 5120K, 0% used [0x00000000da580000,0x00000000da580000,0x00000000daa80000)
  to   space 5120K, 0% used [0x00000000da080000,0x00000000da080000,0x00000000da580000)
 ParOldGen       total 81408K, used 23552K [0x0000000081e00000, 0x0000000086d80000, 0x00000000d5f80000)
  object space 81408K, 28% used [0x0000000081e00000,0x0000000083500168,0x0000000086d80000)
 Metaspace       used 6785K, capacity 7010K, committed 7168K, reserved 1056768K
  class space    used 698K, capacity 733K, committed 768K, reserved 1048576K
}
Event: 26.245 GC heap before
{Heap before GC invocations=6 (full 1):
 PSYoungGen      total 71680K, used 66560K [0x00000000d5f80000, 0x00000000daa80000, 0x0000000100000000)
  eden space 66560K, 100% used [0x00000000d5f80000,0x00000000da080000,0x00000000da080000)
  from space 5120K, 0% used [0x00000000da580000,0x00000000da580000,0x00000000daa80000)
  to   space 5120K, 0% used [0x00000000da080000,0x00000000da080000,0x00000000da580000)
 ParOldGen       total 81408K, used 23552K [0x0000000081e00000, 0x0000000086d80000, 0x00000000d5f80000)
  object space 81408K, 28% used [0x0000000081e00000,0x0000000083500168,0x0000000086d80000)
 Metaspace       used 11294K, capacity 11514K, committed 11776K, reserved 1060864K
  class space    used 1188K, capacity 1267K, committed 1280K, reserved 1048576K
Event: 26.263 GC heap after
Heap after GC invocations=6 (full 1):
 PSYoungGen      total 71680K, used 5101K [0x00000000d5f80000, 0x00000000e1f00000, 0x0000000100000000)
  eden space 66560K, 0% used [0x00000000d5f80000,0x00000000d5f80000,0x00000000da080000)
  from space 5120K, 99% used [0x00000000da080000,0x00000000da57b770,0x00000000da580000)
  to   space 33280K, 0% used [0x00000000dfe80000,0x00000000dfe80000,0x00000000e1f00000)
 ParOldGen       total 81408K, used 50163K [0x0000000081e00000, 0x0000000086d80000, 0x00000000d5f80000)
  object space 81408K, 61% used [0x0000000081e00000,0x0000000084efcfd8,0x0000000086d80000)
 Metaspace       used 11294K, capacity 11514K, committed 11776K, reserved 1060864K
  class space    used 1188K, capacity 1267K, committed 1280K, reserved 1048576K
}

